<?xml version="1.0" encoding="UTF-8"?>
<testng-results skipped="0" failed="0" total="1" passed="1">
  <reporter-output>
  </reporter-output>
  <suite name="Default suite" duration-ms="81379" started-at="2016-03-22T09:13:54Z" finished-at="2016-03-22T09:15:15Z">
    <groups>
    </groups>
    <test name="Default test" duration-ms="81379" started-at="2016-03-22T09:13:54Z" finished-at="2016-03-22T09:15:15Z">
      <class name="com.boodman.mvntest.acptcha.test.AccountCaptchaServicetest">
        <test-method status="PASS" signature="springTestContextBeforeTestClass()[pri:0, instance:com.boodman.mvntest.acptcha.test.AccountCaptchaServicetest@11ecab7c]" name="springTestContextBeforeTestClass" is-config="true" duration-ms="221" started-at="2016-03-22T17:13:54Z" finished-at="2016-03-22T17:13:54Z">
          <reporter-output>
          </reporter-output>
        </test-method> <!-- springTestContextBeforeTestClass -->
        <test-method status="PASS" signature="springTestContextPrepareTestInstance()[pri:0, instance:com.boodman.mvntest.acptcha.test.AccountCaptchaServicetest@11ecab7c]" name="springTestContextPrepareTestInstance" is-config="true" duration-ms="17203" started-at="2016-03-22T17:13:54Z" depends-on-methods="org.springframework.test.context.testng.AbstractTestNGSpringContextTests.springTestContextBeforeTestClass" finished-at="2016-03-22T17:14:11Z">
          <reporter-output>
          </reporter-output>
        </test-method> <!-- springTestContextPrepareTestInstance -->
        <test-method status="PASS" signature="springTestContextBeforeTestMethod(java.lang.reflect.Method)[pri:0, instance:com.boodman.mvntest.acptcha.test.AccountCaptchaServicetest@11ecab7c]" name="springTestContextBeforeTestMethod" is-config="true" duration-ms="2" started-at="2016-03-22T17:14:11Z" finished-at="2016-03-22T17:14:11Z">
          <params>
            <param index="0">
              <value>
                <![CDATA[public void com.boodman.mvntest.acptcha.test.AccountCaptchaServicetest.testValidateCaptchaCorrect()]]>
              </value>
            </param>
          </params>
          <reporter-output>
          </reporter-output>
        </test-method> <!-- springTestContextBeforeTestMethod -->
        <test-method status="PASS" signature="testValidateCaptchaCorrect()[pri:0, instance:com.boodman.mvntest.acptcha.test.AccountCaptchaServicetest@11ecab7c]" name="testValidateCaptchaCorrect" duration-ms="63912" started-at="2016-03-22T17:14:11Z" finished-at="2016-03-22T17:15:15Z">
          <reporter-output>
          </reporter-output>
        </test-method> <!-- testValidateCaptchaCorrect -->
        <test-method status="PASS" signature="springTestContextAfterTestMethod(java.lang.reflect.Method)[pri:0, instance:com.boodman.mvntest.acptcha.test.AccountCaptchaServicetest@11ecab7c]" name="springTestContextAfterTestMethod" is-config="true" duration-ms="3" started-at="2016-03-22T17:15:15Z" finished-at="2016-03-22T17:15:15Z">
          <params>
            <param index="0">
              <value>
                <![CDATA[public void com.boodman.mvntest.acptcha.test.AccountCaptchaServicetest.testValidateCaptchaCorrect()]]>
              </value>
            </param>
          </params>
          <reporter-output>
          </reporter-output>
        </test-method> <!-- springTestContextAfterTestMethod -->
        <test-method status="PASS" signature="springTestContextAfterTestClass()[pri:0, instance:com.boodman.mvntest.acptcha.test.AccountCaptchaServicetest@11ecab7c]" name="springTestContextAfterTestClass" is-config="true" duration-ms="0" started-at="2016-03-22T17:15:15Z" finished-at="2016-03-22T17:15:15Z">
          <reporter-output>
          </reporter-output>
        </test-method> <!-- springTestContextAfterTestClass -->
      </class> <!-- com.boodman.mvntest.acptcha.test.AccountCaptchaServicetest -->
    </test> <!-- Default test -->
  </suite> <!-- Default suite -->
</testng-results>
