<?xml version="1.0" encoding="UTF-8"?>
<testng-results skipped="0" failed="0" total="1" passed="1">
  <reporter-output>
  </reporter-output>
  <suite name="Default suite" duration-ms="6031" started-at="2016-03-30T03:21:29Z" finished-at="2016-03-30T03:21:35Z">
    <groups>
    </groups>
    <test name="Default test" duration-ms="6031" started-at="2016-03-30T03:21:29Z" finished-at="2016-03-30T03:21:35Z">
      <class name="com.boodman.mvntest.acptcha.test.AccountCaptchaServicetest">
        <test-method status="PASS" signature="springTestContextBeforeTestClass()[pri:0, instance:com.boodman.mvntest.acptcha.test.AccountCaptchaServicetest@4786bc70]" name="springTestContextBeforeTestClass" is-config="true" duration-ms="72" started-at="2016-03-30T11:21:29Z" finished-at="2016-03-30T11:21:29Z">
          <reporter-output>
          </reporter-output>
        </test-method> <!-- springTestContextBeforeTestClass -->
        <test-method status="PASS" signature="springTestContextPrepareTestInstance()[pri:0, instance:com.boodman.mvntest.acptcha.test.AccountCaptchaServicetest@4786bc70]" name="springTestContextPrepareTestInstance" is-config="true" duration-ms="2149" started-at="2016-03-30T11:21:29Z" depends-on-methods="org.springframework.test.context.testng.AbstractTestNGSpringContextTests.springTestContextBeforeTestClass" finished-at="2016-03-30T11:21:31Z">
          <reporter-output>
          </reporter-output>
        </test-method> <!-- springTestContextPrepareTestInstance -->
        <test-method status="PASS" signature="springTestContextBeforeTestMethod(java.lang.reflect.Method)[pri:0, instance:com.boodman.mvntest.acptcha.test.AccountCaptchaServicetest@4786bc70]" name="springTestContextBeforeTestMethod" is-config="true" duration-ms="2" started-at="2016-03-30T11:21:31Z" finished-at="2016-03-30T11:21:31Z">
          <params>
            <param index="0">
              <value>
                <![CDATA[public void com.boodman.mvntest.acptcha.test.AccountCaptchaServicetest.testGenerateCaptcha()]]>
              </value>
            </param>
          </params>
          <reporter-output>
          </reporter-output>
        </test-method> <!-- springTestContextBeforeTestMethod -->
        <test-method status="PASS" signature="testGenerateCaptcha()[pri:0, instance:com.boodman.mvntest.acptcha.test.AccountCaptchaServicetest@4786bc70]" name="testGenerateCaptcha" duration-ms="3752" started-at="2016-03-30T11:21:31Z" finished-at="2016-03-30T11:21:35Z">
          <reporter-output>
          </reporter-output>
        </test-method> <!-- testGenerateCaptcha -->
        <test-method status="PASS" signature="springTestContextAfterTestMethod(java.lang.reflect.Method)[pri:0, instance:com.boodman.mvntest.acptcha.test.AccountCaptchaServicetest@4786bc70]" name="springTestContextAfterTestMethod" is-config="true" duration-ms="2" started-at="2016-03-30T11:21:35Z" finished-at="2016-03-30T11:21:35Z">
          <params>
            <param index="0">
              <value>
                <![CDATA[public void com.boodman.mvntest.acptcha.test.AccountCaptchaServicetest.testGenerateCaptcha()]]>
              </value>
            </param>
          </params>
          <reporter-output>
          </reporter-output>
        </test-method> <!-- springTestContextAfterTestMethod -->
        <test-method status="PASS" signature="springTestContextAfterTestClass()[pri:0, instance:com.boodman.mvntest.acptcha.test.AccountCaptchaServicetest@4786bc70]" name="springTestContextAfterTestClass" is-config="true" duration-ms="1" started-at="2016-03-30T11:21:35Z" finished-at="2016-03-30T11:21:35Z">
          <reporter-output>
          </reporter-output>
        </test-method> <!-- springTestContextAfterTestClass -->
      </class> <!-- com.boodman.mvntest.acptcha.test.AccountCaptchaServicetest -->
    </test> <!-- Default test -->
  </suite> <!-- Default suite -->
</testng-results>
