<?xml version="1.0" encoding="UTF-8"?>
<testng-results skipped="0" failed="0" total="1" passed="1">
  <reporter-output>
  </reporter-output>
  <suite name="Command line suite" duration-ms="836" started-at="2016-03-17T05:43:52Z" finished-at="2016-03-17T05:43:53Z">
    <groups>
    </groups>
    <test name="Command line test" duration-ms="836" started-at="2016-03-17T05:43:52Z" finished-at="2016-03-17T05:43:53Z">
      <class name="com.boodman.mvntest.persist.AppTest">
        <test-method status="PASS" signature="springTestContextBeforeTestClass()[pri:0, instance:com.boodman.mvntest.persist.AppTest@796e33ac]" name="springTestContextBeforeTestClass" is-config="true" duration-ms="29" started-at="2016-03-17T13:43:52Z" finished-at="2016-03-17T13:43:52Z">
          <reporter-output>
          </reporter-output>
        </test-method> <!-- springTestContextBeforeTestClass -->
        <test-method status="PASS" signature="springTestContextPrepareTestInstance()[pri:0, instance:com.boodman.mvntest.persist.AppTest@796e33ac]" name="springTestContextPrepareTestInstance" is-config="true" duration-ms="737" started-at="2016-03-17T13:43:52Z" depends-on-methods="org.springframework.test.context.testng.AbstractTestNGSpringContextTests.springTestContextBeforeTestClass" finished-at="2016-03-17T13:43:52Z">
          <reporter-output>
          </reporter-output>
        </test-method> <!-- springTestContextPrepareTestInstance -->
        <test-method status="PASS" signature="testXML()[pri:0, instance:com.boodman.mvntest.persist.AppTest@796e33ac]" name="testXML" duration-ms="52" started-at="2016-03-17T13:43:52Z" finished-at="2016-03-17T13:43:53Z">
          <reporter-output>
          </reporter-output>
        </test-method> <!-- testXML -->
        <test-method status="PASS" signature="springTestContextBeforeTestMethod(java.lang.reflect.Method)[pri:0, instance:com.boodman.mvntest.persist.AppTest@796e33ac]" name="springTestContextBeforeTestMethod" is-config="true" duration-ms="0" started-at="2016-03-17T13:43:52Z" finished-at="2016-03-17T13:43:52Z">
          <params>
            <param index="0">
              <value>
                <![CDATA[public void com.boodman.mvntest.persist.AppTest.testXML()]]>
              </value>
            </param>
          </params>
          <reporter-output>
          </reporter-output>
        </test-method> <!-- springTestContextBeforeTestMethod -->
        <test-method status="PASS" signature="springTestContextAfterTestMethod(java.lang.reflect.Method)[pri:0, instance:com.boodman.mvntest.persist.AppTest@796e33ac]" name="springTestContextAfterTestMethod" is-config="true" duration-ms="2" started-at="2016-03-17T13:43:53Z" finished-at="2016-03-17T13:43:53Z">
          <params>
            <param index="0">
              <value>
                <![CDATA[public void com.boodman.mvntest.persist.AppTest.testXML()]]>
              </value>
            </param>
          </params>
          <reporter-output>
          </reporter-output>
        </test-method> <!-- springTestContextAfterTestMethod -->
        <test-method status="PASS" signature="springTestContextAfterTestClass()[pri:0, instance:com.boodman.mvntest.persist.AppTest@796e33ac]" name="springTestContextAfterTestClass" is-config="true" duration-ms="1" started-at="2016-03-17T13:43:53Z" finished-at="2016-03-17T13:43:53Z">
          <reporter-output>
          </reporter-output>
        </test-method> <!-- springTestContextAfterTestClass -->
      </class> <!-- com.boodman.mvntest.persist.AppTest -->
    </test> <!-- Command line test -->
  </suite> <!-- Command line suite -->
</testng-results>
